# JRE version: Java(TM) SE Runtime Environment 18.9 (11.0.14+8) (build 11.0.14+8-LTS-263)
# Java VM: Java HotSpot(TM) 64-Bit Server VM 18.9 (11.0.14+8-LTS-263, mixed mode, tiered, compressed oops, g1 gc, windows-amd64)
Heap:
 garbage-first heap   total 65536K, used 18805K [0x00000000c1800000, 0x0000000100000000)
  region size 1024K, 3 young (3072K), 3 survivors (3072K)
 Metaspace       used 36290K, capacity 37186K, committed 37200K, reserved 1105920K
  class space    used 4276K, capacity 4674K, committed 4688K, reserved 1048576K
GC Heap History (10 events):
Event: 9.186 GC heap before
{Heap before GC invocations=6 (full 0):
 garbage-first heap   total 65536K, used 39816K [0x00000000c1800000, 0x0000000100000000)
  region size 1024K, 33 young (33792K), 3 survivors (3072K)
 Metaspace       used 28260K, capacity 28986K, committed 29184K, reserved 1075200K
  class space    used 3243K, capacity 3530K, committed 3584K, reserved 1048576K
}
Event: 9.210 GC heap after
{Heap after GC invocations=7 (full 0):
 garbage-first heap   total 65536K, used 11536K [0x00000000c1800000, 0x0000000100000000)
  region size 1024K, 5 young (5120K), 5 survivors (5120K)
 Metaspace       used 28260K, capacity 28986K, committed 29184K, reserved 1075200K
  class space    used 3243K, capacity 3530K, committed 3584K, reserved 1048576K
}
Event: 23.848 GC heap before
{Heap before GC invocations=7 (full 0):
 garbage-first heap   total 65536K, used 48400K [0x00000000c1800000, 0x0000000100000000)
  region size 1024K, 36 young (36864K), 5 survivors (5120K)
 Metaspace       used 33465K, capacity 34340K, committed 34560K, reserved 1079296K
  class space    used 3929K, capacity 4271K, committed 4352K, reserved 1048576K
}
Event: 23.874 GC heap after
{Heap after GC invocations=8 (full 0):
 garbage-first heap   total 65536K, used 18302K [0x00000000c1800000, 0x0000000100000000)
  region size 1024K, 5 young (5120K), 5 survivors (5120K)
 Metaspace       used 33465K, capacity 34340K, committed 34560K, reserved 1079296K
  class space    used 3929K, capacity 4271K, committed 4352K, reserved 1048576K
}
Event: 24.543 GC heap before
{Heap before GC invocations=8 (full 0):
 garbage-first heap   total 65536K, used 28542K [0x00000000c1800000, 0x0000000100000000)
  region size 1024K, 16 young (16384K), 5 survivors (5120K)
 Metaspace       used 35076K, capacity 35952K, committed 36048K, reserved 1081344K
  class space    used 4101K, capacity 4489K, committed 4560K, reserved 1048576K
}
Event: 24.554 GC heap after
{Heap after GC invocations=9 (full 0):
 garbage-first heap   total 65536K, used 18901K [0x00000000c1800000, 0x0000000100000000)
  region size 1024K, 3 young (3072K), 3 survivors (3072K)
 Metaspace       used 35076K, capacity 35952K, committed 36048K, reserved 1081344K
  class space    used 4101K, capacity 4489K, committed 4560K, reserved 1048576K
}
Event: 24.915 GC heap before
{Heap before GC invocations=10 (full 0):
 garbage-first heap   total 65536K, used 25045K [0x00000000c1800000, 0x0000000100000000)
  region size 1024K, 10 young (10240K), 3 survivors (3072K)
 Metaspace       used 35702K, capacity 36551K, committed 36688K, reserved 1087488K
  class space    used 4192K, capacity 4564K, committed 4688K, reserved 1048576K
}
Event: 24.925 GC heap after
{Heap after GC invocations=11 (full 0):
 garbage-first heap   total 65536K, used 18747K [0x00000000c1800000, 0x0000000100000000)
  region size 1024K, 3 young (3072K), 3 survivors (3072K)
 Metaspace       used 35702K, capacity 36551K, committed 36688K, reserved 1087488K
  class space    used 4192K, capacity 4564K, committed 4688K, reserved 1048576K
}
Event: 24.995 GC heap before
{Heap before GC invocations=12 (full 0):
 garbage-first heap   total 65536K, used 19771K [0x00000000c1800000, 0x0000000100000000)
  region size 1024K, 5 young (5120K), 3 survivors (3072K)
 Metaspace       used 35969K, capacity 36866K, committed 36944K, reserved 1095680K
  class space    used 4222K, capacity 4610K, committed 4688K, reserved 1048576K
}
Event: 25.001 GC heap after
{Heap after GC invocations=13 (full 0):
 garbage-first heap   total 65536K, used 18714K [0x00000000c1800000, 0x0000000100000000)
  region size 1024K, 3 young (3072K), 3 survivors (3072K)
 Metaspace       used 35969K, capacity 36866K, committed 36944K, reserved 1095680K
  class space    used 4222K, capacity 4610K, committed 4688K, reserved 1048576K
}

