# JRE version: Java(TM) SE Runtime Environment 18.9 (11.0.14+8) (build 11.0.14+8-LTS-263)
# Java VM: Java HotSpot(TM) 64-Bit Server VM 18.9 (11.0.14+8-LTS-263, mixed mode, tiered, compressed oops, g1 gc, windows-amd64)
Heap:
 garbage-first heap   total 65536K, used 18000K [0x00000000c1800000, 0x0000000100000000)
  region size 1024K, 12 young (12288K), 4 survivors (4096K)
 Metaspace       used 28796K, capacity 29508K, committed 29824K, reserved 1075200K
  class space    used 3316K, capacity 3621K, committed 3712K, reserved 1048576K
GC Heap History (10 events):
Event: 2.603 GC heap before
{Heap before GC invocations=1 (full 0):
 garbage-first heap   total 65536K, used 14577K [0x00000000c1800000, 0x0000000100000000)
  region size 1024K, 10 young (10240K), 2 survivors (2048K)
 Metaspace       used 14321K, capacity 14638K, committed 14976K, reserved 1062912K
  class space    used 1448K, capacity 1554K, committed 1664K, reserved 1048576K
}
Event: 2.610 GC heap after
{Heap after GC invocations=2 (full 0):
 garbage-first heap   total 65536K, used 6806K [0x00000000c1800000, 0x0000000100000000)
  region size 1024K, 1 young (1024K), 1 survivors (1024K)
 Metaspace       used 14321K, capacity 14638K, committed 14976K, reserved 1062912K
  class space    used 1448K, capacity 1554K, committed 1664K, reserved 1048576K
}
Event: 3.390 GC heap before
{Heap before GC invocations=2 (full 0):
 garbage-first heap   total 65536K, used 28310K [0x00000000c1800000, 0x0000000100000000)
  region size 1024K, 23 young (23552K), 1 survivors (1024K)
 Metaspace       used 16673K, capacity 16996K, committed 17280K, reserved 1064960K
  class space    used 1712K, capacity 1829K, committed 1920K, reserved 1048576K
}
Event: 3.394 GC heap after
{Heap after GC invocations=3 (full 0):
 garbage-first heap   total 65536K, used 7653K [0x00000000c1800000, 0x0000000100000000)
  region size 1024K, 2 young (2048K), 2 survivors (2048K)
 Metaspace       used 16673K, capacity 16996K, committed 17280K, reserved 1064960K
  class space    used 1712K, capacity 1829K, committed 1920K, reserved 1048576K
}
Event: 4.626 GC heap before
{Heap before GC invocations=3 (full 0):
 garbage-first heap   total 65536K, used 32229K [0x00000000c1800000, 0x0000000100000000)
  region size 1024K, 26 young (26624K), 2 survivors (2048K)
 Metaspace       used 20336K, capacity 20797K, committed 20864K, reserved 1067008K
  class space    used 2223K, capacity 2380K, committed 2432K, reserved 1048576K
}
Event: 4.633 GC heap after
{Heap after GC invocations=4 (full 0):
 garbage-first heap   total 65536K, used 8617K [0x00000000c1800000, 0x0000000100000000)
  region size 1024K, 3 young (3072K), 3 survivors (3072K)
 Metaspace       used 20336K, capacity 20797K, committed 20864K, reserved 1067008K
  class space    used 2223K, capacity 2380K, committed 2432K, reserved 1048576K
}
Event: 4.709 GC heap before
{Heap before GC invocations=4 (full 0):
 garbage-first heap   total 65536K, used 9641K [0x00000000c1800000, 0x0000000100000000)
  region size 1024K, 5 young (5120K), 3 survivors (3072K)
 Metaspace       used 20686K, capacity 21157K, committed 21296K, reserved 1069056K
  class space    used 2269K, capacity 2414K, committed 2432K, reserved 1048576K
}
Event: 4.716 GC heap after
{Heap after GC invocations=5 (full 0):
 garbage-first heap   total 65536K, used 8784K [0x00000000c1800000, 0x0000000100000000)
  region size 1024K, 2 young (2048K), 2 survivors (2048K)
 Metaspace       used 20686K, capacity 21157K, committed 21296K, reserved 1069056K
  class space    used 2269K, capacity 2414K, committed 2432K, reserved 1048576K
}
Event: 6.109 GC heap before
{Heap before GC invocations=6 (full 0):
 garbage-first heap   total 65536K, used 35408K [0x00000000c1800000, 0x0000000100000000)
  region size 1024K, 28 young (28672K), 2 survivors (2048K)
 Metaspace       used 26966K, capacity 27507K, committed 27776K, reserved 1073152K
  class space    used 3067K, capacity 3329K, committed 3456K, reserved 1048576K
}
Event: 6.119 GC heap after
{Heap after GC invocations=7 (full 0):
 garbage-first heap   total 65536K, used 10832K [0x00000000c1800000, 0x0000000100000000)
  region size 1024K, 4 young (4096K), 4 survivors (4096K)
 Metaspace       used 26966K, capacity 27507K, committed 27776K, reserved 1073152K
  class space    used 3067K, capacity 3329K, committed 3456K, reserved 1048576K
}

